[0m14:17:17.788285 [debug] [MainThread]: Sending event: {'category': 'dbt', 'action': 'invocation', 'label': 'start', 'context': [<snowplow_tracker.self_describing_json.SelfDescribingJson object at 0x73b1da3d6750>, <snowplow_tracker.self_describing_json.SelfDescribingJson object at 0x73b1d8807c20>, <snowplow_tracker.self_describing_json.SelfDescribingJson object at 0x73b1da332f90>]}


============================== 14:17:17.792105 | 9a8f61b7-1777-4162-9691-5e65ab95b2fe ==============================
[0m14:17:17.792105 [info ] [MainThread]: Running with dbt=1.10.15
[0m14:17:17.792638 [debug] [MainThread]: running dbt with arguments {'write_json': 'True', 'empty': 'None', 'log_cache_events': 'False', 'printer_width': '80', 'log_path': 'logs', 'invocation_command': 'dbt init', 'profiles_dir': '/home/averychin/.dbt', 'log_format': 'default', 'version_check': 'True', 'use_colors': 'True', 'partial_parse': 'True', 'target_path': 'None', 'quiet': 'False', 'no_print': 'None', 'static_parser': 'True', 'warn_error_options': 'WarnErrorOptionsV2(error=[], warn=[], silence=[])', 'debug': 'False', 'introspect': 'True', 'warn_error': 'None', 'cache_selected_only': 'False', 'indirect_selection': 'eager', 'fail_fast': 'False', 'send_anonymous_usage_stats': 'True', 'use_experimental_parser': 'False'}
[0m14:17:17.799610 [info ] [MainThread]: Creating dbt configuration folder at /home/averychin/.dbt
[0m14:18:11.814440 [debug] [MainThread]: Starter project path: /home/averychin/data-engineering-examples/oscars-datasets/oscar-project-env/lib/python3.12/site-packages/dbt/include/starter_project
[0m14:18:11.818233 [info ] [MainThread]: 
Your new dbt project "oscar_analysis" was created!

For more information on how to configure the profiles.yml file,
please consult the dbt documentation here:

  https://docs.getdbt.com/docs/configure-your-profile

One more thing:

Need help? Don't hesitate to reach out to us via GitHub issues or on Slack:

  https://community.getdbt.com/

Happy modeling!

[0m14:18:11.818736 [info ] [MainThread]: Setting up your profile.
[0m14:18:16.705400 [info ] [MainThread]: Profile oscar_analysis written to /home/averychin/.dbt/profiles.yml using target's sample configuration. Once updated, you'll be able to start developing with dbt.
[0m14:18:16.706424 [debug] [MainThread]: Resource report: {"command_name": "init", "command_success": true, "command_wall_clock_time": 58.963108, "process_in_blocks": "66368", "process_kernel_time": 0.107398, "process_mem_max_rss": "128868", "process_out_blocks": "576", "process_user_time": 1.213208}
[0m14:18:16.706900 [debug] [MainThread]: Command `dbt init` succeeded at 14:18:16.706789 after 58.96 seconds
[0m14:18:16.707263 [debug] [MainThread]: Sending event: {'category': 'dbt', 'action': 'invocation', 'label': 'end', 'context': [<snowplow_tracker.self_describing_json.SelfDescribingJson object at 0x73b1d8adae40>, <snowplow_tracker.self_describing_json.SelfDescribingJson object at 0x73b1d7847230>, <snowplow_tracker.self_describing_json.SelfDescribingJson object at 0x73b1d7847110>]}
[0m14:18:16.707614 [debug] [MainThread]: Flushing usage events
[0m14:18:17.148441 [debug] [MainThread]: An error was encountered while trying to flush usage events
